<?xml version="1.0" encoding="UTF-8"?>
<Site BuildName="(empty)"
	BuildStamp="20210126-1038-Experimental"
	Name="(empty)"
	Generator="ctest-3.18.4"
	CompilerName=""
	CompilerVersion=""
	OSName="Linux"
	Hostname="localhost.localdomain"
	OSRelease="5.10.6-200.fc33.x86_64"
	OSVersion="#1 SMP Mon Jan 11 20:05:21 UTC 2021"
	OSPlatform="x86_64"
	Is64Bits="1"
	VendorString="GenuineIntel"
	VendorID="Intel Corporation"
	FamilyID="6"
	ModelID="92"
	ProcessorCacheSize="1024"
	NumberOfLogicalCPU="2"
	NumberOfPhysicalCPU="2"
	TotalVirtualMemory="1893"
	TotalPhysicalMemory="3788"
	LogicalProcessorsPerPhysical="1"
	ProcessorClockFrequency="2289.12"
	>
	<Testing>
		<StartDateTime>Jan 26 13:38 +03</StartDateTime>
		<StartTestTime>1611657509</StartTestTime>
		<TestList/>
		<EndDateTime>Jan 26 13:38 +03</EndDateTime>
		<EndTestTime>1611657509</EndTestTime>
		<ElapsedMinutes>0</ElapsedMinutes>
	</Testing>
</Site>
